CC=50 A=0000 B=0000 X=0000 Y=0000 S=0000 U=0000 8D9A: CLR   $3FF3
CC=54 A=0000 B=0000 X=0000 Y=0000 S=0000 U=0000 8D9D: LDA   #$00
CC=54 A=0000 B=0000 X=0000 Y=0000 S=0000 U=0000 8D9F: STA   $3FF2
CC=54 A=0000 B=0000 X=0000 Y=0000 S=0000 U=0000 8DA2: LDY   #$0006
CC=50 A=0000 B=0000 X=0000 Y=0006 S=0000 U=0000 8DA6: CLRB
CC=54 A=0000 B=0000 X=0000 Y=0006 S=0000 U=0000 8DA7: LDX   $FFEC
CC=58 A=0000 B=0000 X=E802 Y=0006 S=0000 U=0000 8DAA: CMPX  #$00FF
CC=58 A=0000 B=0000 X=E802 Y=0006 S=0000 U=0000 8DAD: LBEQ  $8EC0
CC=58 A=0000 B=0000 X=E802 Y=0006 S=0000 U=0000 8DB1: LDU   #$003F
CC=50 A=0000 B=0000 X=E802 Y=0006 S=0000 U=003F 8DB4: LDD   #$0000
CC=54 A=0000 B=0000 X=E802 Y=0006 S=0000 U=003F 8DB7: EXG   D,U
CC=54 A=0000 B=003F X=E802 Y=0006 S=0000 U=0000 8DB9: TFR   B,A
CC=54 A=003F B=003F X=E802 Y=0006 S=0000 U=0000 8DBB: COMA
CC=59 A=00C0 B=003F X=E802 Y=0006 S=0000 U=0000 8DBC: BITA  #$07
CC=55 A=00C0 B=003F X=E802 Y=0006 S=0000 U=0000 8DBE: BNE   $8DCA
CC=55 A=00C0 B=003F X=E802 Y=0006 S=0000 U=0000 8DC0: COMA
CC=51 A=003F B=003F X=E802 Y=0006 S=0000 U=0000 8DC1: DECA
CC=51 A=003E B=003F X=E802 Y=0006 S=0000 U=0000 8DC2: STA   $3FFC
CC=51 A=003E B=003F X=E802 Y=0006 S=0000 U=0000 8DC5: CMPA  $4000
CC=54 A=003E B=003F X=E802 Y=0006 S=0000 U=0000 8DC8: BNE   $8E14
CC=54 A=003E B=003F X=E802 Y=0006 S=0000 U=0000 8DCA: STB   $3FFC
CC=50 A=003E B=003F X=E802 Y=0006 S=0000 U=0000 8DCD: EXG   D,U
CC=50 A=0000 B=0000 X=E802 Y=0006 S=0000 U=3E3F 8DCF: LDY   #$0100
CC=50 A=0000 B=0000 X=E802 Y=0100 S=0000 U=3E3F 8DD3: STA   $3FDD
CC=54 A=0000 B=0000 X=E802 Y=0100 S=0000 U=3E3F 8DD6: LEAY  -$1,Y
CC=50 A=0000 B=0000 X=E802 Y=00FF S=0000 U=3E3F 8DD8: BNE   $8DD3
CC=50 A=0000 B=0000 X=E802 Y=00FF S=0000 U=3E3F 8DD3: STA   $3FDD
CC=54 A=0000 B=0000 X=E802 Y=00FF S=0000 U=3E3F 8DD6: LEAY  -$1,Y
CC=50 A=0000 B=0000 X=E802 Y=00FE S=0000 U=3E3F 8DD8: BNE   $8DD3

   (loops for 762 instructions)

CC=54 A=0000 B=0000 X=E802 Y=0000 S=0000 U=3E3F 8DDA: LDY   #$0006
CC=50 A=0000 B=0000 X=E802 Y=0006 S=0000 U=3E3F 8DDE: LDX   #$4000
CC=50 A=0000 B=0000 X=4000 Y=0006 S=0000 U=3E3F 8DE1: ADDB  ,X
CC=50 A=0000 B=0002 X=4000 Y=0006 S=0000 U=3E3F 8DE3: ADCA  #$00
CC=54 A=0000 B=0002 X=4000 Y=0006 S=0000 U=3E3F 8DE5: ADDB  $1,X
CC=58 A=0000 B=00A8 X=4000 Y=0006 S=0000 U=3E3F 8DE7: ADCA  #$00
CC=54 A=0000 B=00A8 X=4000 Y=0006 S=0000 U=3E3F 8DE9: ADDB  $2,X
CC=78 A=0000 B=00F1 X=4000 Y=0006 S=0000 U=3E3F 8DEB: ADCA  #$00
CC=54 A=0000 B=00F1 X=4000 Y=0006 S=0000 U=3E3F 8DED: ADDB  $3,X
CC=53 A=0000 B=0076 X=4000 Y=0006 S=0000 U=3E3F 8DEF: ADCA  #$00
CC=50 A=0001 B=0076 X=4000 Y=0006 S=0000 U=3E3F 8DF1: ADDB  $4,X
CC=5A A=0001 B=00B6 X=4000 Y=0006 S=0000 U=3E3F 8DF3: ADCA  #$00
CC=50 A=0001 B=00B6 X=4000 Y=0006 S=0000 U=3E3F 8DF5: ADDB  $5,X
CC=58 A=0001 B=00DC X=4000 Y=0006 S=0000 U=3E3F 8DF7: ADCA  #$00
CC=50 A=0001 B=00DC X=4000 Y=0006 S=0000 U=3E3F 8DF9: ADDB  $6,X
CC=78 A=0001 B=00EA X=4000 Y=0006 S=0000 U=3E3F 8DFB: ADCA  #$00
CC=50 A=0001 B=00EA X=4000 Y=0006 S=0000 U=3E3F 8DFD: ADDB  $7,X
CC=79 A=0001 B=0090 X=4000 Y=0006 S=0000 U=3E3F 8DFF: ADCA  #$00
CC=50 A=0002 B=0090 X=4000 Y=0006 S=0000 U=3E3F 8E01: EXG   Y,D
CC=50 A=0000 B=0006 X=4000 Y=0290 S=0000 U=3E3F 8E03: STB   $3FFF
CC=50 A=0000 B=0006 X=4000 Y=0290 S=0000 U=3E3F 8E06: EXG   Y,D
CC=50 A=0002 B=0090 X=4000 Y=0006 S=0000 U=3E3F 8E08: LEAX  $8,X
CC=50 A=0002 B=0090 X=4008 Y=0006 S=0000 U=3E3F 8E0A: CMPX  #$8000
CC=5B A=0002 B=0090 X=4008 Y=0006 S=0000 U=3E3F 8E0D: BCS   $8DE1
CC=5B A=0002 B=0090 X=4008 Y=0006 S=0000 U=3E3F 8DE1: ADDB  ,X
CC=58 A=0002 B=0093 X=4008 Y=0006 S=0000 U=3E3F 8DE3: ADCA  #$00
CC=50 A=0002 B=0093 X=4008 Y=0006 S=0000 U=3E3F 8DE5: ADDB  $1,X
CC=53 A=0002 B=0034 X=4008 Y=0006 S=0000 U=3E3F 8DE7: ADCA  #$00
CC=50 A=0003 B=0034 X=4008 Y=0006 S=0000 U=3E3F 8DE9: ADDB  $2,X
CC=50 A=0003 B=0078 X=4008 Y=0006 S=0000 U=3E3F 8DEB: ADCA  #$00
CC=50 A=0003 B=0078 X=4008 Y=0006 S=0000 U=3E3F 8DED: ADDB  $3,X
CC=5A A=0003 B=009A X=4008 Y=0006 S=0000 U=3E3F 8DEF: ADCA  #$00
CC=50 A=0003 B=009A X=4008 Y=0006 S=0000 U=3E3F 8DF1: ADDB  $4,X
CC=78 A=0003 B=00A6 X=4008 Y=0006 S=0000 U=3E3F 8DF3: ADCA  #$00
CC=50 A=0003 B=00A6 X=4008 Y=0006 S=0000 U=3E3F 8DF5: ADDB  $5,X
CC=58 A=0003 B=00CB X=4008 Y=0006 S=0000 U=3E3F 8DF7: ADCA  #$00
CC=50 A=0003 B=00CB X=4008 Y=0006 S=0000 U=3E3F 8DF9: ADDB  $6,X
CC=78 A=0003 B=00D1 X=4008 Y=0006 S=0000 U=3E3F 8DFB: ADCA  #$00
CC=50 A=0003 B=00D1 X=4008 Y=0006 S=0000 U=3E3F 8DFD: ADDB  $7,X
CC=53 A=0003 B=0077 X=4008 Y=0006 S=0000 U=3E3F 8DFF: ADCA  #$00
CC=50 A=0004 B=0077 X=4008 Y=0006 S=0000 U=3E3F 8E01: EXG   Y,D
CC=50 A=0000 B=0006 X=4008 Y=0477 S=0000 U=3E3F 8E03: STB   $3FFF
CC=50 A=0000 B=0006 X=4008 Y=0477 S=0000 U=3E3F 8E06: EXG   Y,D
CC=50 A=0004 B=0077 X=4008 Y=0006 S=0000 U=3E3F 8E08: LEAX  $8,X
CC=50 A=0004 B=0077 X=4010 Y=0006 S=0000 U=3E3F 8E0A: CMPX  #$8000
CC=5B A=0004 B=0077 X=4010 Y=0006 S=0000 U=3E3F 8E0D: BCS   $8DE1

   (loops for 45012 instructions)

CC=54 A=00F5 B=009E X=8000 Y=0006 S=0000 U=3E3F 8E0F: EXG   D,U
CC=54 A=003E B=003F X=8000 Y=0006 S=0000 U=F59E 8E11: DECB
CC=50 A=003E B=003E X=8000 Y=0006 S=0000 U=F59E 8E12: BRA   $8DB9
CC=50 A=003E B=003E X=8000 Y=0006 S=0000 U=F59E 8DB9: TFR   B,A
CC=50 A=003E B=003E X=8000 Y=0006 S=0000 U=F59E 8DBB: COMA
CC=59 A=00C1 B=003E X=8000 Y=0006 S=0000 U=F59E 8DBC: BITA  #$07
CC=51 A=00C1 B=003E X=8000 Y=0006 S=0000 U=F59E 8DBE: BNE   $8DCA
CC=51 A=00C1 B=003E X=8000 Y=0006 S=0000 U=F59E 8DCA: STB   $3FFC
CC=51 A=00C1 B=003E X=8000 Y=0006 S=0000 U=F59E 8DCD: EXG   D,U
CC=51 A=00F5 B=009E X=8000 Y=0006 S=0000 U=C13E 8DCF: LDY   #$0100

   (loops for 768 instructions)

CC=5D A=00F5 B=009E X=8000 Y=0000 S=0000 U=C13E 8DDA: LDY   #$0006
CC=51 A=00F5 B=009E X=8000 Y=0006 S=0000 U=C13E 8DDE: LDX   #$4000

   (loops for 45056 instructions)

CC=54 A=0013 B=0021 X=8000 Y=0006 S=0000 U=C13E 8E0F: EXG   D,U
CC=54 A=00C1 B=003E X=8000 Y=0006 S=0000 U=1321 8E11: DECB
CC=50 A=00C1 B=003D X=8000 Y=0006 S=0000 U=1321 8E12: BRA   $8DB9
CC=50 A=00C1 B=003D X=8000 Y=0006 S=0000 U=1321 8DB9: TFR   B,A
CC=50 A=003D B=003D X=8000 Y=0006 S=0000 U=1321 8DBB: COMA
CC=59 A=00C2 B=003D X=8000 Y=0006 S=0000 U=1321 8DBC: BITA  #$07
CC=51 A=00C2 B=003D X=8000 Y=0006 S=0000 U=1321 8DBE: BNE   $8DCA
CC=51 A=00C2 B=003D X=8000 Y=0006 S=0000 U=1321 8DCA: STB   $3FFC
CC=51 A=00C2 B=003D X=8000 Y=0006 S=0000 U=1321 8DCD: EXG   D,U
CC=51 A=0013 B=0021 X=8000 Y=0006 S=0000 U=C23D 8DCF: LDY   #$0100
CC=51 A=0013 B=0021 X=8000 Y=0100 S=0000 U=C23D 8DD3: STA   $3FDD
CC=51 A=0013 B=0021 X=8000 Y=0100 S=0000 U=C23D 8DD6: LEAY  -$1,Y
CC=51 A=0013 B=0021 X=8000 Y=00FF S=0000 U=C23D 8DD8: BNE   $8DD3
CC=51 A=0013 B=0021 X=8000 Y=00FF S=0000 U=C23D 8DD3: STA   $3FDD
CC=51 A=0013 B=0021 X=8000 Y=00FF S=0000 U=C23D 8DD6: LEAY  -$1,Y
CC=51 A=0013 B=0021 X=8000 Y=00FE S=0000 U=C23D 8DD8: BNE   $8DD3

   (loops for 762 instructions)

CC=55 A=0013 B=0021 X=8000 Y=0000 S=0000 U=C23D 8DDA: LDY   #$0006
CC=51 A=0013 B=0021 X=8000 Y=0006 S=0000 U=C23D 8DDE: LDX   #$4000
CC=51 A=0013 B=0021 X=4000 Y=0006 S=0000 U=C23D 8DE1: ADDB  ,X
CC=50 A=0013 B=005E X=4000 Y=0006 S=0000 U=C23D 8DE3: ADCA  #$00
CC=50 A=0013 B=005E X=4000 Y=0006 S=0000 U=C23D 8DE5: ADDB  $1,X
CC=50 A=0013 B=005E X=4000 Y=0006 S=0000 U=C23D 8DE7: ADCA  #$00
CC=50 A=0013 B=005E X=4000 Y=0006 S=0000 U=C23D 8DE9: ADDB  $2,X
CC=71 A=0013 B=0055 X=4000 Y=0006 S=0000 U=C23D 8DEB: ADCA  #$00
CC=50 A=0014 B=0055 X=4000 Y=0006 S=0000 U=C23D 8DED: ADDB  $3,X
CC=50 A=0014 B=0057 X=4000 Y=0006 S=0000 U=C23D 8DEF: ADCA  #$00
CC=50 A=0014 B=0057 X=4000 Y=0006 S=0000 U=C23D 8DF1: ADDB  $4,X
CC=5A A=0014 B=0098 X=4000 Y=0006 S=0000 U=C23D 8DF3: ADCA  #$00
CC=50 A=0014 B=0098 X=4000 Y=0006 S=0000 U=C23D 8DF5: ADDB  $5,X
CC=59 A=0014 B=008A X=4000 Y=0006 S=0000 U=C23D 8DF7: ADCA  #$00
CC=50 A=0015 B=008A X=4000 Y=0006 S=0000 U=C23D 8DF9: ADDB  $6,X
CC=58 A=0015 B=00CB X=4000 Y=0006 S=0000 U=C23D 8DFB: ADCA  #$00
CC=50 A=0015 B=00CB X=4000 Y=0006 S=0000 U=C23D 8DFD: ADDB  $7,X
CC=59 A=0015 B=00BF X=4000 Y=0006 S=0000 U=C23D 8DFF: ADCA  #$00
CC=50 A=0016 B=00BF X=4000 Y=0006 S=0000 U=C23D 8E01: EXG   Y,D
CC=50 A=0000 B=0006 X=4000 Y=16BF S=0000 U=C23D 8E03: STB   $3FFF
CC=50 A=0000 B=0006 X=4000 Y=16BF S=0000 U=C23D 8E06: EXG   Y,D
CC=50 A=0016 B=00BF X=4000 Y=0006 S=0000 U=C23D 8E08: LEAX  $8,X
CC=50 A=0016 B=00BF X=4008 Y=0006 S=0000 U=C23D 8E0A: CMPX  #$8000
CC=5B A=0016 B=00BF X=4008 Y=0006 S=0000 U=C23D 8E0D: BCS   $8DE1
CC=5B A=0016 B=00BF X=4008 Y=0006 S=0000 U=C23D 8DE1: ADDB  ,X
CC=75 A=0016 B=0000 X=4008 Y=0006 S=0000 U=C23D 8DE3: ADCA  #$00
CC=50 A=0017 B=0000 X=4008 Y=0006 S=0000 U=C23D 8DE5: ADDB  $1,X
CC=58 A=0017 B=00FE X=4008 Y=0006 S=0000 U=C23D 8DE7: ADCA  #$00
CC=50 A=0017 B=00FE X=4008 Y=0006 S=0000 U=C23D 8DE9: ADDB  $2,X
CC=51 A=0017 B=003F X=4008 Y=0006 S=0000 U=C23D 8DEB: ADCA  #$00
CC=50 A=0018 B=003F X=4008 Y=0006 S=0000 U=C23D 8DED: ADDB  $3,X
CC=71 A=0018 B=0033 X=4008 Y=0006 S=0000 U=C23D 8DEF: ADCA  #$00
CC=50 A=0019 B=0033 X=4008 Y=0006 S=0000 U=C23D 8DF1: ADDB  $4,X
CC=50 A=0019 B=0075 X=4008 Y=0006 S=0000 U=C23D 8DF3: ADCA  #$00
CC=50 A=0019 B=0075 X=4008 Y=0006 S=0000 U=C23D 8DF5: ADDB  $5,X
CC=50 A=0019 B=007B X=4008 Y=0006 S=0000 U=C23D 8DF7: ADCA  #$00
CC=50 A=0019 B=007B X=4008 Y=0006 S=0000 U=C23D 8DF9: ADDB  $6,X
CC=5A A=0019 B=00BD X=4008 Y=0006 S=0000 U=C23D 8DFB: ADCA  #$00
CC=50 A=0019 B=00BD X=4008 Y=0006 S=0000 U=C23D 8DFD: ADDB  $7,X
CC=78 A=0019 B=00CC X=4008 Y=0006 S=0000 U=C23D 8DFF: ADCA  #$00
CC=50 A=0019 B=00CC X=4008 Y=0006 S=0000 U=C23D 8E01: EXG   Y,D
CC=50 A=0000 B=0006 X=4008 Y=19CC S=0000 U=C23D 8E03: STB   $3FFF
CC=50 A=0000 B=0006 X=4008 Y=19CC S=0000 U=C23D 8E06: EXG   Y,D
CC=50 A=0019 B=00CC X=4008 Y=0006 S=0000 U=C23D 8E08: LEAX  $8,X
CC=50 A=0019 B=00CC X=4010 Y=0006 S=0000 U=C23D 8E0A: CMPX  #$8000
CC=5B A=0019 B=00CC X=4010 Y=0006 S=0000 U=C23D 8E0D: BCS   $8DE1

   (loops for 45012 instructions)

CC=74 A=0030 B=00D9 X=8000 Y=0006 S=0000 U=C23D 8E0F: EXG   D,U
CC=74 A=00C2 B=003D X=8000 Y=0006 S=0000 U=30D9 8E11: DECB
CC=70 A=00C2 B=003C X=8000 Y=0006 S=0000 U=30D9 8E12: BRA   $8DB9
CC=70 A=00C2 B=003C X=8000 Y=0006 S=0000 U=30D9 8DB9: TFR   B,A
CC=70 A=003C B=003C X=8000 Y=0006 S=0000 U=30D9 8DBB: COMA
CC=79 A=00C3 B=003C X=8000 Y=0006 S=0000 U=30D9 8DBC: BITA  #$07
CC=71 A=00C3 B=003C X=8000 Y=0006 S=0000 U=30D9 8DBE: BNE   $8DCA
CC=71 A=00C3 B=003C X=8000 Y=0006 S=0000 U=30D9 8DCA: STB   $3FFC
CC=71 A=00C3 B=003C X=8000 Y=0006 S=0000 U=30D9 8DCD: EXG   D,U
CC=71 A=0030 B=00D9 X=8000 Y=0006 S=0000 U=C33C 8DCF: LDY   #$0100

   (loops for 768 instructions)

CC=75 A=0030 B=00D9 X=8000 Y=0000 S=0000 U=C33C 8DDA: LDY   #$0006
CC=71 A=0030 B=00D9 X=8000 Y=0006 S=0000 U=C33C 8DDE: LDX   #$4000

   (loops for 45056 instructions)

CC=54 A=0098 B=00E4 X=8000 Y=0006 S=0000 U=C33C 8E0F: EXG   D,U
CC=54 A=00C3 B=003C X=8000 Y=0006 S=0000 U=98E4 8E11: DECB
CC=50 A=00C3 B=003B X=8000 Y=0006 S=0000 U=98E4 8E12: BRA   $8DB9
CC=50 A=00C3 B=003B X=8000 Y=0006 S=0000 U=98E4 8DB9: TFR   B,A
CC=50 A=003B B=003B X=8000 Y=0006 S=0000 U=98E4 8DBB: COMA
CC=59 A=00C4 B=003B X=8000 Y=0006 S=0000 U=98E4 8DBC: BITA  #$07
CC=51 A=00C4 B=003B X=8000 Y=0006 S=0000 U=98E4 8DBE: BNE   $8DCA
CC=51 A=00C4 B=003B X=8000 Y=0006 S=0000 U=98E4 8DCA: STB   $3FFC
CC=51 A=00C4 B=003B X=8000 Y=0006 S=0000 U=98E4 8DCD: EXG   D,U
CC=51 A=0098 B=00E4 X=8000 Y=0006 S=0000 U=C43B 8DCF: LDY   #$0100
CC=51 A=0098 B=00E4 X=8000 Y=0100 S=0000 U=C43B 8DD3: STA   $3FDD
CC=59 A=0098 B=00E4 X=8000 Y=0100 S=0000 U=C43B 8DD6: LEAY  -$1,Y
CC=59 A=0098 B=00E4 X=8000 Y=00FF S=0000 U=C43B 8DD8: BNE   $8DD3
CC=59 A=0098 B=00E4 X=8000 Y=00FF S=0000 U=C43B 8DD3: STA   $3FDD
CC=59 A=0098 B=00E4 X=8000 Y=00FF S=0000 U=C43B 8DD6: LEAY  -$1,Y
CC=59 A=0098 B=00E4 X=8000 Y=00FE S=0000 U=C43B 8DD8: BNE   $8DD3

   (loops for 762 instructions)

CC=5D A=0098 B=00E4 X=8000 Y=0000 S=0000 U=C43B 8DDA: LDY   #$0006
CC=51 A=0098 B=00E4 X=8000 Y=0006 S=0000 U=C43B 8DDE: LDX   #$4000
CC=51 A=0098 B=00E4 X=4000 Y=0006 S=0000 U=C43B 8DE1: ADDB  ,X
CC=51 A=0098 B=001F X=4000 Y=0006 S=0000 U=C43B 8DE3: ADCA  #$00
CC=58 A=0099 B=001F X=4000 Y=0006 S=0000 U=C43B 8DE5: ADDB  $1,X
CC=70 A=0099 B=0053 X=4000 Y=0006 S=0000 U=C43B 8DE7: ADCA  #$00
CC=58 A=0099 B=0053 X=4000 Y=0006 S=0000 U=C43B 8DE9: ADDB  $2,X
CC=50 A=0099 B=0069 X=4000 Y=0006 S=0000 U=C43B 8DEB: ADCA  #$00
CC=58 A=0099 B=0069 X=4000 Y=0006 S=0000 U=C43B 8DED: ADDB  $3,X
CC=71 A=0099 B=0026 X=4000 Y=0006 S=0000 U=C43B 8DEF: ADCA  #$00
CC=58 A=009A B=0026 X=4000 Y=0006 S=0000 U=C43B 8DF1: ADDB  $4,X
CC=58 A=009A B=00CD X=4000 Y=0006 S=0000 U=C43B 8DF3: ADCA  #$00
CC=58 A=009A B=00CD X=4000 Y=0006 S=0000 U=C43B 8DF5: ADDB  $5,X
CC=58 A=009A B=00EF X=4000 Y=0006 S=0000 U=C43B 8DF7: ADCA  #$00
CC=58 A=009A B=00EF X=4000 Y=0006 S=0000 U=C43B 8DF9: ADDB  $6,X
CC=71 A=009A B=000E X=4000 Y=0006 S=0000 U=C43B 8DFB: ADCA  #$00
CC=58 A=009B B=000E X=4000 Y=0006 S=0000 U=C43B 8DFD: ADDB  $7,X
CC=78 A=009B B=0097 X=4000 Y=0006 S=0000 U=C43B 8DFF: ADCA  #$00
CC=58 A=009B B=0097 X=4000 Y=0006 S=0000 U=C43B 8E01: EXG   Y,D
CC=58 A=0000 B=0006 X=4000 Y=9B97 S=0000 U=C43B 8E03: STB   $3FFF
CC=50 A=0000 B=0006 X=4000 Y=9B97 S=0000 U=C43B 8E06: EXG   Y,D
CC=50 A=009B B=0097 X=4000 Y=0006 S=0000 U=C43B 8E08: LEAX  $8,X
CC=50 A=009B B=0097 X=4008 Y=0006 S=0000 U=C43B 8E0A: CMPX  #$8000
CC=5B A=009B B=0097 X=4008 Y=0006 S=0000 U=C43B 8E0D: BCS   $8DE1
CC=5B A=009B B=0097 X=4008 Y=0006 S=0000 U=C43B 8DE1: ADDB  ,X
CC=78 A=009B B=00E6 X=4008 Y=0006 S=0000 U=C43B 8DE3: ADCA  #$00
CC=58 A=009B B=00E6 X=4008 Y=0006 S=0000 U=C43B 8DE5: ADDB  $1,X
CC=71 A=009B B=0005 X=4008 Y=0006 S=0000 U=C43B 8DE7: ADCA  #$00
CC=58 A=009C B=0005 X=4008 Y=0006 S=0000 U=C43B 8DE9: ADDB  $2,X
CC=50 A=009C B=0006 X=4008 Y=0006 S=0000 U=C43B 8DEB: ADCA  #$00
CC=58 A=009C B=0006 X=4008 Y=0006 S=0000 U=C43B 8DED: ADDB  $3,X
CC=58 A=009C B=00AC X=4008 Y=0006 S=0000 U=C43B 8DEF: ADCA  #$00
CC=58 A=009C B=00AC X=4008 Y=0006 S=0000 U=C43B 8DF1: ADDB  $4,X
CC=73 A=009C B=0030 X=4008 Y=0006 S=0000 U=C43B 8DF3: ADCA  #$00
CC=58 A=009D B=0030 X=4008 Y=0006 S=0000 U=C43B 8DF5: ADDB  $5,X
CC=50 A=009D B=0073 X=4008 Y=0006 S=0000 U=C43B 8DF7: ADCA  #$00
CC=58 A=009D B=0073 X=4008 Y=0006 S=0000 U=C43B 8DF9: ADDB  $6,X
CC=58 A=009D B=00FE X=4008 Y=0006 S=0000 U=C43B 8DFB: ADCA  #$00
CC=58 A=009D B=00FE X=4008 Y=0006 S=0000 U=C43B 8DFD: ADDB  $7,X
CC=51 A=009D B=000F X=4008 Y=0006 S=0000 U=C43B 8DFF: ADCA  #$00
CC=58 A=009E B=000F X=4008 Y=0006 S=0000 U=C43B 8E01: EXG   Y,D
CC=58 A=0000 B=0006 X=4008 Y=9E0F S=0000 U=C43B 8E03: STB   $3FFF
CC=50 A=0000 B=0006 X=4008 Y=9E0F S=0000 U=C43B 8E06: EXG   Y,D
CC=50 A=009E B=000F X=4008 Y=0006 S=0000 U=C43B 8E08: LEAX  $8,X
CC=50 A=009E B=000F X=4010 Y=0006 S=0000 U=C43B 8E0A: CMPX  #$8000
CC=5B A=009E B=000F X=4010 Y=0006 S=0000 U=C43B 8E0D: BCS   $8DE1

   (loops for 45012 instructions)

CC=54 A=006F B=007A X=8000 Y=0006 S=0000 U=C43B 8E0F: EXG   D,U
CC=54 A=00C4 B=003B X=8000 Y=0006 S=0000 U=6F7A 8E11: DECB
CC=50 A=00C4 B=003A X=8000 Y=0006 S=0000 U=6F7A 8E12: BRA   $8DB9
CC=50 A=00C4 B=003A X=8000 Y=0006 S=0000 U=6F7A 8DB9: TFR   B,A
CC=50 A=003A B=003A X=8000 Y=0006 S=0000 U=6F7A 8DBB: COMA
CC=59 A=00C5 B=003A X=8000 Y=0006 S=0000 U=6F7A 8DBC: BITA  #$07
CC=51 A=00C5 B=003A X=8000 Y=0006 S=0000 U=6F7A 8DBE: BNE   $8DCA
CC=51 A=00C5 B=003A X=8000 Y=0006 S=0000 U=6F7A 8DCA: STB   $3FFC
CC=51 A=00C5 B=003A X=8000 Y=0006 S=0000 U=6F7A 8DCD: EXG   D,U
CC=51 A=006F B=007A X=8000 Y=0006 S=0000 U=C53A 8DCF: LDY   #$0100

   (loops for 768 instructions)

CC=55 A=006F B=007A X=8000 Y=0000 S=0000 U=C53A 8DDA: LDY   #$0006
CC=51 A=006F B=007A X=8000 Y=0006 S=0000 U=C53A 8DDE: LDX   #$4000

   (loops for 45056 instructions)

CC=54 A=0081 B=0030 X=8000 Y=0006 S=0000 U=C53A 8E0F: EXG   D,U
CC=54 A=00C5 B=003A X=8000 Y=0006 S=0000 U=8130 8E11: DECB
CC=50 A=00C5 B=0039 X=8000 Y=0006 S=0000 U=8130 8E12: BRA   $8DB9
CC=50 A=00C5 B=0039 X=8000 Y=0006 S=0000 U=8130 8DB9: TFR   B,A
CC=50 A=0039 B=0039 X=8000 Y=0006 S=0000 U=8130 8DBB: COMA
CC=59 A=00C6 B=0039 X=8000 Y=0006 S=0000 U=8130 8DBC: BITA  #$07
CC=51 A=00C6 B=0039 X=8000 Y=0006 S=0000 U=8130 8DBE: BNE   $8DCA
CC=51 A=00C6 B=0039 X=8000 Y=0006 S=0000 U=8130 8DCA: STB   $3FFC
CC=51 A=00C6 B=0039 X=8000 Y=0006 S=0000 U=8130 8DCD: EXG   D,U
CC=51 A=0081 B=0030 X=8000 Y=0006 S=0000 U=C639 8DCF: LDY   #$0100
CC=51 A=0081 B=0030 X=8000 Y=0100 S=0000 U=C639 8DD3: STA   $3FDD
CC=59 A=0081 B=0030 X=8000 Y=0100 S=0000 U=C639 8DD6: LEAY  -$1,Y
CC=59 A=0081 B=0030 X=8000 Y=00FF S=0000 U=C639 8DD8: BNE   $8DD3
CC=59 A=0081 B=0030 X=8000 Y=00FF S=0000 U=C639 8DD3: STA   $3FDD
CC=59 A=0081 B=0030 X=8000 Y=00FF S=0000 U=C639 8DD6: LEAY  -$1,Y
CC=59 A=0081 B=0030 X=8000 Y=00FE S=0000 U=C639 8DD8: BNE   $8DD3

   (loops for 762 instructions)

CC=5D A=0081 B=0030 X=8000 Y=0000 S=0000 U=C639 8DDA: LDY   #$0006
CC=51 A=0081 B=0030 X=8000 Y=0006 S=0000 U=C639 8DDE: LDX   #$4000
CC=51 A=0081 B=0030 X=4000 Y=0006 S=0000 U=C639 8DE1: ADDB  ,X
CC=50 A=0081 B=0069 X=4000 Y=0006 S=0000 U=C639 8DE3: ADCA  #$00
CC=58 A=0081 B=0069 X=4000 Y=0006 S=0000 U=C639 8DE5: ADDB  $1,X
CC=5A A=0081 B=009D X=4000 Y=0006 S=0000 U=C639 8DE7: ADCA  #$00
CC=58 A=0081 B=009D X=4000 Y=0006 S=0000 U=C639 8DE9: ADDB  $2,X
CC=58 A=0081 B=009F X=4000 Y=0006 S=0000 U=C639 8DEB: ADCA  #$00
CC=58 A=0081 B=009F X=4000 Y=0006 S=0000 U=C639 8DED: ADDB  $3,X
CC=73 A=0081 B=0025 X=4000 Y=0006 S=0000 U=C639 8DEF: ADCA  #$00
CC=58 A=0082 B=0025 X=4000 Y=0006 S=0000 U=C639 8DF1: ADDB  $4,X
CC=70 A=0082 B=0051 X=4000 Y=0006 S=0000 U=C639 8DF3: ADCA  #$00
CC=58 A=0082 B=0051 X=4000 Y=0006 S=0000 U=C639 8DF5: ADDB  $5,X
CC=51 A=0082 B=000E X=4000 Y=0006 S=0000 U=C639 8DF7: ADCA  #$00
CC=58 A=0083 B=000E X=4000 Y=0006 S=0000 U=C639 8DF9: ADDB  $6,X
CC=78 A=0083 B=0095 X=4000 Y=0006 S=0000 U=C639 8DFB: ADCA  #$00
CC=58 A=0083 B=0095 X=4000 Y=0006 S=0000 U=C639 8DFD: ADDB  $7,X
CC=78 A=0083 B=00B0 X=4000 Y=0006 S=0000 U=C639 8DFF: ADCA  #$00
CC=58 A=0083 B=00B0 X=4000 Y=0006 S=0000 U=C639 8E01: EXG   Y,D
CC=58 A=0000 B=0006 X=4000 Y=83B0 S=0000 U=C639 8E03: STB   $3FFF
CC=50 A=0000 B=0006 X=4000 Y=83B0 S=0000 U=C639 8E06: EXG   Y,D
CC=50 A=0083 B=00B0 X=4000 Y=0006 S=0000 U=C639 8E08: LEAX  $8,X
CC=50 A=0083 B=00B0 X=4008 Y=0006 S=0000 U=C639 8E0A: CMPX  #$8000
CC=5B A=0083 B=00B0 X=4008 Y=0006 S=0000 U=C639 8E0D: BCS   $8DE1
CC=5B A=0083 B=00B0 X=4008 Y=0006 S=0000 U=C639 8DE1: ADDB  ,X
CC=53 A=0083 B=004B X=4008 Y=0006 S=0000 U=C639 8DE3: ADCA  #$00
CC=58 A=0084 B=004B X=4008 Y=0006 S=0000 U=C639 8DE5: ADDB  $1,X
CC=50 A=0084 B=004C X=4008 Y=0006 S=0000 U=C639 8DE7: ADCA  #$00
CC=58 A=0084 B=004C X=4008 Y=0006 S=0000 U=C639 8DE9: ADDB  $2,X
CC=70 A=0084 B=0071 X=4008 Y=0006 S=0000 U=C639 8DEB: ADCA  #$00
CC=58 A=0084 B=0071 X=4008 Y=0006 S=0000 U=C639 8DED: ADDB  $3,X
CC=50 A=0084 B=0073 X=4008 Y=0006 S=0000 U=C639 8DEF: ADCA  #$00
CC=58 A=0084 B=0073 X=4008 Y=0006 S=0000 U=C639 8DF1: ADDB  $4,X
CC=58 A=0084 B=00F9 X=4008 Y=0006 S=0000 U=C639 8DF3: ADCA  #$00
CC=58 A=0084 B=00F9 X=4008 Y=0006 S=0000 U=C639 8DF5: ADDB  $5,X
CC=71 A=0084 B=0027 X=4008 Y=0006 S=0000 U=C639 8DF7: ADCA  #$00
CC=58 A=0085 B=0027 X=4008 Y=0006 S=0000 U=C639 8DF9: ADDB  $6,X
CC=58 A=0085 B=00DE X=4008 Y=0006 S=0000 U=C639 8DFB: ADCA  #$00
CC=58 A=0085 B=00DE X=4008 Y=0006 S=0000 U=C639 8DFD: ADDB  $7,X
CC=78 A=0085 B=00E1 X=4008 Y=0006 S=0000 U=C639 8DFF: ADCA  #$00
CC=58 A=0085 B=00E1 X=4008 Y=0006 S=0000 U=C639 8E01: EXG   Y,D
CC=58 A=0000 B=0006 X=4008 Y=85E1 S=0000 U=C639 8E03: STB   $3FFF
CC=50 A=0000 B=0006 X=4008 Y=85E1 S=0000 U=C639 8E06: EXG   Y,D
CC=50 A=0085 B=00E1 X=4008 Y=0006 S=0000 U=C639 8E08: LEAX  $8,X
CC=50 A=0085 B=00E1 X=4010 Y=0006 S=0000 U=C639 8E0A: CMPX  #$8000
CC=5B A=0085 B=00E1 X=4010 Y=0006 S=0000 U=C639 8E0D: BCS   $8DE1

   (loops for 45012 instructions)

CC=54 A=0075 B=00AE X=8000 Y=0006 S=0000 U=C639 8E0F: EXG   D,U
CC=54 A=00C6 B=0039 X=8000 Y=0006 S=0000 U=75AE 8E11: DECB
CC=50 A=00C6 B=0038 X=8000 Y=0006 S=0000 U=75AE 8E12: BRA   $8DB9
CC=50 A=00C6 B=0038 X=8000 Y=0006 S=0000 U=75AE 8DB9: TFR   B,A
CC=50 A=0038 B=0038 X=8000 Y=0006 S=0000 U=75AE 8DBB: COMA
CC=59 A=00C7 B=0038 X=8000 Y=0006 S=0000 U=75AE 8DBC: BITA  #$07
CC=51 A=00C7 B=0038 X=8000 Y=0006 S=0000 U=75AE 8DBE: BNE   $8DCA
CC=51 A=00C7 B=0038 X=8000 Y=0006 S=0000 U=75AE 8DCA: STB   $3FFC
CC=51 A=00C7 B=0038 X=8000 Y=0006 S=0000 U=75AE 8DCD: EXG   D,U
CC=51 A=0075 B=00AE X=8000 Y=0006 S=0000 U=C738 8DCF: LDY   #$0100

   (loops for 768 instructions)

CC=55 A=0075 B=00AE X=8000 Y=0000 S=0000 U=C738 8DDA: LDY   #$0006
CC=51 A=0075 B=00AE X=8000 Y=0006 S=0000 U=C738 8DDE: LDX   #$4000

   (loops for 45056 instructions)

CC=54 A=002B B=00E1 X=8000 Y=0006 S=0000 U=C738 8E0F: EXG   D,U
CC=54 A=00C7 B=0038 X=8000 Y=0006 S=0000 U=2BE1 8E11: DECB
CC=50 A=00C7 B=0037 X=8000 Y=0006 S=0000 U=2BE1 8E12: BRA   $8DB9
CC=50 A=00C7 B=0037 X=8000 Y=0006 S=0000 U=2BE1 8DB9: TFR   B,A
CC=50 A=0037 B=0037 X=8000 Y=0006 S=0000 U=2BE1 8DBB: COMA
CC=59 A=00C8 B=0037 X=8000 Y=0006 S=0000 U=2BE1 8DBC: BITA  #$07
CC=55 A=00C8 B=0037 X=8000 Y=0006 S=0000 U=2BE1 8DBE: BNE   $8DCA
CC=55 A=00C8 B=0037 X=8000 Y=0006 S=0000 U=2BE1 8DC0: COMA
CC=51 A=0037 B=0037 X=8000 Y=0006 S=0000 U=2BE1 8DC1: DECA
CC=51 A=0036 B=0037 X=8000 Y=0006 S=0000 U=2BE1 8DC2: STA   $3FFC
CC=51 A=0036 B=0037 X=8000 Y=0006 S=0000 U=2BE1 8DC5: CMPA  $4000
CC=54 A=0036 B=0037 X=8000 Y=0006 S=0000 U=2BE1 8DC8: BNE   $8E14
CC=54 A=0036 B=0037 X=8000 Y=0006 S=0000 U=2BE1 8DCA: STB   $3FFC
CC=50 A=0036 B=0037 X=8000 Y=0006 S=0000 U=2BE1 8DCD: EXG   D,U
CC=50 A=002B B=00E1 X=8000 Y=0006 S=0000 U=3637 8DCF: LDY   #$0100
CC=50 A=002B B=00E1 X=8000 Y=0100 S=0000 U=3637 8DD3: STA   $3FDD
CC=50 A=002B B=00E1 X=8000 Y=0100 S=0000 U=3637 8DD6: LEAY  -$1,Y
CC=50 A=002B B=00E1 X=8000 Y=00FF S=0000 U=3637 8DD8: BNE   $8DD3
CC=50 A=002B B=00E1 X=8000 Y=00FF S=0000 U=3637 8DD3: STA   $3FDD
CC=50 A=002B B=00E1 X=8000 Y=00FF S=0000 U=3637 8DD6: LEAY  -$1,Y
CC=50 A=002B B=00E1 X=8000 Y=00FE S=0000 U=3637 8DD8: BNE   $8DD3

   (loops for 762 instructions)

CC=54 A=002B B=00E1 X=8000 Y=0000 S=0000 U=3637 8DDA: LDY   #$0006
CC=50 A=002B B=00E1 X=8000 Y=0006 S=0000 U=3637 8DDE: LDX   #$4000
CC=50 A=002B B=00E1 X=4000 Y=0006 S=0000 U=3637 8DE1: ADDB  ,X
CC=51 A=002B B=0018 X=4000 Y=0006 S=0000 U=3637 8DE3: ADCA  #$00
CC=50 A=002C B=0018 X=4000 Y=0006 S=0000 U=3637 8DE5: ADDB  $1,X
CC=50 A=002C B=004C X=4000 Y=0006 S=0000 U=3637 8DE7: ADCA  #$00
CC=50 A=002C B=004C X=4000 Y=0006 S=0000 U=3637 8DE9: ADDB  $2,X
CC=7A A=002C B=0082 X=4000 Y=0006 S=0000 U=3637 8DEB: ADCA  #$00
CC=50 A=002C B=0082 X=4000 Y=0006 S=0000 U=3637 8DED: ADDB  $3,X
CC=53 A=002C B=003F X=4000 Y=0006 S=0000 U=3637 8DEF: ADCA  #$00
CC=50 A=002D B=003F X=4000 Y=0006 S=0000 U=3637 8DF1: ADDB  $4,X
CC=78 A=002D B=00C5 X=4000 Y=0006 S=0000 U=3637 8DF3: ADCA  #$00
CC=50 A=002D B=00C5 X=4000 Y=0006 S=0000 U=3637 8DF5: ADDB  $5,X
CC=59 A=002D B=00A6 X=4000 Y=0006 S=0000 U=3637 8DF7: ADCA  #$00
CC=50 A=002E B=00A6 X=4000 Y=0006 S=0000 U=3637 8DF9: ADDB  $6,X
CC=53 A=002E B=0027 X=4000 Y=0006 S=0000 U=3637 8DFB: ADCA  #$00
CC=50 A=002F B=0027 X=4000 Y=0006 S=0000 U=3637 8DFD: ADDB  $7,X
CC=50 A=002F B=004E X=4000 Y=0006 S=0000 U=3637 8DFF: ADCA  #$00
CC=50 A=002F B=004E X=4000 Y=0006 S=0000 U=3637 8E01: EXG   Y,D
CC=50 A=0000 B=0006 X=4000 Y=2F4E S=0000 U=3637 8E03: STB   $3FFF
CC=50 A=0000 B=0006 X=4000 Y=2F4E S=0000 U=3637 8E06: EXG   Y,D
CC=50 A=002F B=004E X=4000 Y=0006 S=0000 U=3637 8E08: LEAX  $8,X
CC=50 A=002F B=004E X=4008 Y=0006 S=0000 U=3637 8E0A: CMPX  #$8000
CC=5B A=002F B=004E X=4008 Y=0006 S=0000 U=3637 8E0D: BCS   $8DE1
CC=5B A=002F B=004E X=4008 Y=0006 S=0000 U=3637 8DE1: ADDB  ,X
CC=7A A=002F B=009B X=4008 Y=0006 S=0000 U=3637 8DE3: ADCA  #$00
CC=50 A=002F B=009B X=4008 Y=0006 S=0000 U=3637 8DE5: ADDB  $1,X
CC=78 A=002F B=00C2 X=4008 Y=0006 S=0000 U=3637 8DE7: ADCA  #$00
CC=50 A=002F B=00C2 X=4008 Y=0006 S=0000 U=3637 8DE9: ADDB  $2,X
CC=58 A=002F B=00EC X=4008 Y=0006 S=0000 U=3637 8DEB: ADCA  #$00
CC=50 A=002F B=00EC X=4008 Y=0006 S=0000 U=3637 8DED: ADDB  $3,X
CC=79 A=002F B=00A9 X=4008 Y=0006 S=0000 U=3637 8DEF: ADCA  #$00
CC=70 A=0030 B=00A9 X=4008 Y=0006 S=0000 U=3637 8DF1: ADDB  $4,X
CC=73 A=0030 B=0040 X=4008 Y=0006 S=0000 U=3637 8DF3: ADCA  #$00
CC=50 A=0031 B=0040 X=4008 Y=0006 S=0000 U=3637 8DF5: ADDB  $5,X
CC=50 A=0031 B=0059 X=4008 Y=0006 S=0000 U=3637 8DF7: ADCA  #$00
CC=50 A=0031 B=0059 X=4008 Y=0006 S=0000 U=3637 8DF9: ADDB  $6,X
CC=7A A=0031 B=00D7 X=4008 Y=0006 S=0000 U=3637 8DFB: ADCA  #$00
CC=50 A=0031 B=00D7 X=4008 Y=0006 S=0000 U=3637 8DFD: ADDB  $7,X
CC=51 A=0031 B=0017 X=4008 Y=0006 S=0000 U=3637 8DFF: ADCA  #$00
CC=50 A=0032 B=0017 X=4008 Y=0006 S=0000 U=3637 8E01: EXG   Y,D
CC=50 A=0000 B=0006 X=4008 Y=3217 S=0000 U=3637 8E03: STB   $3FFF
CC=50 A=0000 B=0006 X=4008 Y=3217 S=0000 U=3637 8E06: EXG   Y,D
CC=50 A=0032 B=0017 X=4008 Y=0006 S=0000 U=3637 8E08: LEAX  $8,X
CC=50 A=0032 B=0017 X=4010 Y=0006 S=0000 U=3637 8E0A: CMPX  #$8000
CC=5B A=0032 B=0017 X=4010 Y=0006 S=0000 U=3637 8E0D: BCS   $8DE1

   (loops for 45012 instructions)

CC=74 A=0090 B=00B1 X=8000 Y=0006 S=0000 U=3637 8E0F: EXG   D,U
CC=74 A=0036 B=0037 X=8000 Y=0006 S=0000 U=90B1 8E11: DECB
CC=70 A=0036 B=0036 X=8000 Y=0006 S=0000 U=90B1 8E12: BRA   $8DB9
CC=70 A=0036 B=0036 X=8000 Y=0006 S=0000 U=90B1 8DB9: TFR   B,A
CC=70 A=0036 B=0036 X=8000 Y=0006 S=0000 U=90B1 8DBB: COMA
CC=79 A=00C9 B=0036 X=8000 Y=0006 S=0000 U=90B1 8DBC: BITA  #$07
CC=71 A=00C9 B=0036 X=8000 Y=0006 S=0000 U=90B1 8DBE: BNE   $8DCA
CC=71 A=00C9 B=0036 X=8000 Y=0006 S=0000 U=90B1 8DCA: STB   $3FFC
CC=71 A=00C9 B=0036 X=8000 Y=0006 S=0000 U=90B1 8DCD: EXG   D,U
CC=71 A=0090 B=00B1 X=8000 Y=0006 S=0000 U=C936 8DCF: LDY   #$0100

   (loops for 768 instructions)

CC=7D A=0090 B=00B1 X=8000 Y=0000 S=0000 U=C936 8DDA: LDY   #$0006
CC=71 A=0090 B=00B1 X=8000 Y=0006 S=0000 U=C936 8DDE: LDX   #$4000

   (loops for 45056 instructions)

CC=54 A=00A6 B=0080 X=8000 Y=0006 S=0000 U=C936 8E0F: EXG   D,U
CC=54 A=00C9 B=0036 X=8000 Y=0006 S=0000 U=A680 8E11: DECB
CC=50 A=00C9 B=0035 X=8000 Y=0006 S=0000 U=A680 8E12: BRA   $8DB9
CC=50 A=00C9 B=0035 X=8000 Y=0006 S=0000 U=A680 8DB9: TFR   B,A
CC=50 A=0035 B=0035 X=8000 Y=0006 S=0000 U=A680 8DBB: COMA
CC=59 A=00CA B=0035 X=8000 Y=0006 S=0000 U=A680 8DBC: BITA  #$07
CC=51 A=00CA B=0035 X=8000 Y=0006 S=0000 U=A680 8DBE: BNE   $8DCA
CC=51 A=00CA B=0035 X=8000 Y=0006 S=0000 U=A680 8DCA: STB   $3FFC
CC=51 A=00CA B=0035 X=8000 Y=0006 S=0000 U=A680 8DCD: EXG   D,U
CC=51 A=00A6 B=0080 X=8000 Y=0006 S=0000 U=CA35 8DCF: LDY   #$0100
CC=51 A=00A6 B=0080 X=8000 Y=0100 S=0000 U=CA35 8DD3: STA   $3FDD
CC=59 A=00A6 B=0080 X=8000 Y=0100 S=0000 U=CA35 8DD6: LEAY  -$1,Y
CC=59 A=00A6 B=0080 X=8000 Y=00FF S=0000 U=CA35 8DD8: BNE   $8DD3
CC=59 A=00A6 B=0080 X=8000 Y=00FF S=0000 U=CA35 8DD3: STA   $3FDD
CC=59 A=00A6 B=0080 X=8000 Y=00FF S=0000 U=CA35 8DD6: LEAY  -$1,Y
CC=59 A=00A6 B=0080 X=8000 Y=00FE S=0000 U=CA35 8DD8: BNE   $8DD3

   (loops for 762 instructions)

CC=5D A=00A6 B=0080 X=8000 Y=0000 S=0000 U=CA35 8DDA: LDY   #$0006
CC=51 A=00A6 B=0080 X=8000 Y=0006 S=0000 U=CA35 8DDE: LDX   #$4000
CC=51 A=00A6 B=0080 X=4000 Y=0006 S=0000 U=CA35 8DE1: ADDB  ,X
CC=58 A=00A6 B=00B5 X=4000 Y=0006 S=0000 U=CA35 8DE3: ADCA  #$00
CC=58 A=00A6 B=00B5 X=4000 Y=0006 S=0000 U=CA35 8DE5: ADDB  $1,X
CC=58 A=00A6 B=00B6 X=4000 Y=0006 S=0000 U=CA35 8DE7: ADCA  #$00
CC=58 A=00A6 B=00B6 X=4000 Y=0006 S=0000 U=CA35 8DE9: ADDB  $2,X
CC=59 A=00A6 B=0086 X=4000 Y=0006 S=0000 U=CA35 8DEB: ADCA  #$00
CC=58 A=00A7 B=0086 X=4000 Y=0006 S=0000 U=CA35 8DED: ADDB  $3,X
CC=58 A=00A7 B=0088 X=4000 Y=0006 S=0000 U=CA35 8DEF: ADCA  #$00
CC=58 A=00A7 B=0088 X=4000 Y=0006 S=0000 U=CA35 8DF1: ADDB  $4,X
CC=58 A=00A7 B=00CB X=4000 Y=0006 S=0000 U=CA35 8DF3: ADCA  #$00
CC=58 A=00A7 B=00CB X=4000 Y=0006 S=0000 U=CA35 8DF5: ADDB  $5,X
CC=53 A=00A7 B=006F X=4000 Y=0006 S=0000 U=CA35 8DF7: ADCA  #$00
CC=58 A=00A8 B=006F X=4000 Y=0006 S=0000 U=CA35 8DF9: ADDB  $6,X
CC=7A A=00A8 B=00B2 X=4000 Y=0006 S=0000 U=CA35 8DFB: ADCA  #$00
CC=58 A=00A8 B=00B2 X=4000 Y=0006 S=0000 U=CA35 8DFD: ADDB  $7,X
CC=53 A=00A8 B=005B X=4000 Y=0006 S=0000 U=CA35 8DFF: ADCA  #$00
CC=58 A=00A9 B=005B X=4000 Y=0006 S=0000 U=CA35 8E01: EXG   Y,D
CC=58 A=0000 B=0006 X=4000 Y=A95B S=0000 U=CA35 8E03: STB   $3FFF
CC=50 A=0000 B=0006 X=4000 Y=A95B S=0000 U=CA35 8E06: EXG   Y,D
CC=50 A=00A9 B=005B X=4000 Y=0006 S=0000 U=CA35 8E08: LEAX  $8,X
CC=50 A=00A9 B=005B X=4008 Y=0006 S=0000 U=CA35 8E0A: CMPX  #$8000
CC=5B A=00A9 B=005B X=4008 Y=0006 S=0000 U=CA35 8E0D: BCS   $8DE1
CC=5B A=00A9 B=005B X=4008 Y=0006 S=0000 U=CA35 8DE1: ADDB  ,X
CC=5A A=00A9 B=009E X=4008 Y=0006 S=0000 U=CA35 8DE3: ADCA  #$00
CC=58 A=00A9 B=009E X=4008 Y=0006 S=0000 U=CA35 8DE5: ADDB  $1,X
CC=73 A=00A9 B=0050 X=4008 Y=0006 S=0000 U=CA35 8DE7: ADCA  #$00
CC=58 A=00AA B=0050 X=4008 Y=0006 S=0000 U=CA35 8DE9: ADDB  $2,X
CC=5A A=00AA B=0093 X=4008 Y=0006 S=0000 U=CA35 8DEB: ADCA  #$00
CC=58 A=00AA B=0093 X=4008 Y=0006 S=0000 U=CA35 8DED: ADDB  $3,X
CC=53 A=00AA B=004F X=4008 Y=0006 S=0000 U=CA35 8DEF: ADCA  #$00
CC=58 A=00AB B=004F X=4008 Y=0006 S=0000 U=CA35 8DF1: ADDB  $4,X
CC=7A A=00AB B=0092 X=4008 Y=0006 S=0000 U=CA35 8DF3: ADCA  #$00
CC=58 A=00AB B=0092 X=4008 Y=0006 S=0000 U=CA35 8DF5: ADDB  $5,X
CC=53 A=00AB B=0059 X=4008 Y=0006 S=0000 U=CA35 8DF7: ADCA  #$00
CC=58 A=00AC B=0059 X=4008 Y=0006 S=0000 U=CA35 8DF9: ADDB  $6,X
CC=5A A=00AC B=009C X=4008 Y=0006 S=0000 U=CA35 8DFB: ADCA  #$00
CC=58 A=00AC B=009C X=4008 Y=0006 S=0000 U=CA35 8DFD: ADDB  $7,X
CC=53 A=00AC B=006D X=4008 Y=0006 S=0000 U=CA35 8DFF: ADCA  #$00
CC=58 A=00AD B=006D X=4008 Y=0006 S=0000 U=CA35 8E01: EXG   Y,D
CC=58 A=0000 B=0006 X=4008 Y=AD6D S=0000 U=CA35 8E03: STB   $3FFF
CC=50 A=0000 B=0006 X=4008 Y=AD6D S=0000 U=CA35 8E06: EXG   Y,D
CC=50 A=00AD B=006D X=4008 Y=0006 S=0000 U=CA35 8E08: LEAX  $8,X
CC=50 A=00AD B=006D X=4010 Y=0006 S=0000 U=CA35 8E0A: CMPX  #$8000
CC=5B A=00AD B=006D X=4010 Y=0006 S=0000 U=CA35 8E0D: BCS   $8DE1

   (loops for 45012 instructions)

CC=54 A=00AB B=0068 X=8000 Y=0006 S=0000 U=CA35 8E0F: EXG   D,U
CC=54 A=00CA B=0035 X=8000 Y=0006 S=0000 U=AB68 8E11: DECB
CC=50 A=00CA B=0034 X=8000 Y=0006 S=0000 U=AB68 8E12: BRA   $8DB9
CC=50 A=00CA B=0034 X=8000 Y=0006 S=0000 U=AB68 8DB9: TFR   B,A
CC=50 A=0034 B=0034 X=8000 Y=0006 S=0000 U=AB68 8DBB: COMA
CC=59 A=00CB B=0034 X=8000 Y=0006 S=0000 U=AB68 8DBC: BITA  #$07
CC=51 A=00CB B=0034 X=8000 Y=0006 S=0000 U=AB68 8DBE: BNE   $8DCA
CC=51 A=00CB B=0034 X=8000 Y=0006 S=0000 U=AB68 8DCA: STB   $3FFC
CC=51 A=00CB B=0034 X=8000 Y=0006 S=0000 U=AB68 8DCD: EXG   D,U
CC=51 A=00AB B=0068 X=8000 Y=0006 S=0000 U=CB34 8DCF: LDY   #$0100

   (loops for 768 instructions)

CC=5D A=00AB B=0068 X=8000 Y=0000 S=0000 U=CB34 8DDA: LDY   #$0006
CC=51 A=00AB B=0068 X=8000 Y=0006 S=0000 U=CB34 8DDE: LDX   #$4000

   (loops for 45056 instructions)

CC=54 A=004F B=0008 X=8000 Y=0006 S=0000 U=CB34 8E0F: EXG   D,U
CC=54 A=00CB B=0034 X=8000 Y=0006 S=0000 U=4F08 8E11: DECB
CC=50 A=00CB B=0033 X=8000 Y=0006 S=0000 U=4F08 8E12: BRA   $8DB9
CC=50 A=00CB B=0033 X=8000 Y=0006 S=0000 U=4F08 8DB9: TFR   B,A
CC=50 A=0033 B=0033 X=8000 Y=0006 S=0000 U=4F08 8DBB: COMA
CC=59 A=00CC B=0033 X=8000 Y=0006 S=0000 U=4F08 8DBC: BITA  #$07
CC=51 A=00CC B=0033 X=8000 Y=0006 S=0000 U=4F08 8DBE: BNE   $8DCA
CC=51 A=00CC B=0033 X=8000 Y=0006 S=0000 U=4F08 8DCA: STB   $3FFC
CC=51 A=00CC B=0033 X=8000 Y=0006 S=0000 U=4F08 8DCD: EXG   D,U
CC=51 A=004F B=0008 X=8000 Y=0006 S=0000 U=CC33 8DCF: LDY   #$0100
CC=51 A=004F B=0008 X=8000 Y=0100 S=0000 U=CC33 8DD3: STA   $3FDD
CC=51 A=004F B=0008 X=8000 Y=0100 S=0000 U=CC33 8DD6: LEAY  -$1,Y
CC=51 A=004F B=0008 X=8000 Y=00FF S=0000 U=CC33 8DD8: BNE   $8DD3
CC=51 A=004F B=0008 X=8000 Y=00FF S=0000 U=CC33 8DD3: STA   $3FDD
CC=51 A=004F B=0008 X=8000 Y=00FF S=0000 U=CC33 8DD6: LEAY  -$1,Y
CC=51 A=004F B=0008 X=8000 Y=00FE S=0000 U=CC33 8DD8: BNE   $8DD3

   (loops for 762 instructions)

CC=55 A=004F B=0008 X=8000 Y=0000 S=0000 U=CC33 8DDA: LDY   #$0006
CC=51 A=004F B=0008 X=8000 Y=0006 S=0000 U=CC33 8DDE: LDX   #$4000
CC=51 A=004F B=0008 X=4000 Y=0006 S=0000 U=CC33 8DE1: ADDB  ,X
CC=50 A=004F B=003B X=4000 Y=0006 S=0000 U=CC33 8DE3: ADCA  #$00
CC=50 A=004F B=003B X=4000 Y=0006 S=0000 U=CC33 8DE5: ADDB  $1,X
CC=50 A=004F B=003B X=4000 Y=0006 S=0000 U=CC33 8DE7: ADCA  #$00
CC=50 A=004F B=003B X=4000 Y=0006 S=0000 U=CC33 8DE9: ADDB  $2,X
CC=70 A=004F B=0068 X=4000 Y=0006 S=0000 U=CC33 8DEB: ADCA  #$00
CC=50 A=004F B=0068 X=4000 Y=0006 S=0000 U=CC33 8DED: ADDB  $3,X
CC=70 A=004F B=0074 X=4000 Y=0006 S=0000 U=CC33 8DEF: ADCA  #$00
CC=50 A=004F B=0074 X=4000 Y=0006 S=0000 U=CC33 8DF1: ADDB  $4,X
CC=50 A=004F B=0074 X=4000 Y=0006 S=0000 U=CC33 8DF3: ADCA  #$00
CC=50 A=004F B=0074 X=4000 Y=0006 S=0000 U=CC33 8DF5: ADDB  $5,X
CC=50 A=004F B=0074 X=4000 Y=0006 S=0000 U=CC33 8DF7: ADCA  #$00
CC=50 A=004F B=0074 X=4000 Y=0006 S=0000 U=CC33 8DF9: ADDB  $6,X
CC=50 A=004F B=0074 X=4000 Y=0006 S=0000 U=CC33 8DFB: ADCA  #$00
CC=50 A=004F B=0074 X=4000 Y=0006 S=0000 U=CC33 8DFD: ADDB  $7,X
CC=50 A=004F B=0074 X=4000 Y=0006 S=0000 U=CC33 8DFF: ADCA  #$00
CC=50 A=004F B=0074 X=4000 Y=0006 S=0000 U=CC33 8E01: EXG   Y,D
CC=50 A=0000 B=0006 X=4000 Y=4F74 S=0000 U=CC33 8E03: STB   $3FFF
CC=50 A=0000 B=0006 X=4000 Y=4F74 S=0000 U=CC33 8E06: EXG   Y,D
CC=50 A=004F B=0074 X=4000 Y=0006 S=0000 U=CC33 8E08: LEAX  $8,X
CC=50 A=004F B=0074 X=4008 Y=0006 S=0000 U=CC33 8E0A: CMPX  #$8000
CC=5B A=004F B=0074 X=4008 Y=0006 S=0000 U=CC33 8E0D: BCS   $8DE1
CC=5B A=004F B=0074 X=4008 Y=0006 S=0000 U=CC33 8DE1: ADDB  ,X
CC=50 A=004F B=0074 X=4008 Y=0006 S=0000 U=CC33 8DE3: ADCA  #$00
CC=50 A=004F B=0074 X=4008 Y=0006 S=0000 U=CC33 8DE5: ADDB  $1,X
CC=50 A=004F B=0074 X=4008 Y=0006 S=0000 U=CC33 8DE7: ADCA  #$00
CC=50 A=004F B=0074 X=4008 Y=0006 S=0000 U=CC33 8DE9: ADDB  $2,X
CC=50 A=004F B=0074 X=4008 Y=0006 S=0000 U=CC33 8DEB: ADCA  #$00
CC=50 A=004F B=0074 X=4008 Y=0006 S=0000 U=CC33 8DED: ADDB  $3,X
CC=50 A=004F B=0074 X=4008 Y=0006 S=0000 U=CC33 8DEF: ADCA  #$00
CC=50 A=004F B=0074 X=4008 Y=0006 S=0000 U=CC33 8DF1: ADDB  $4,X
CC=50 A=004F B=0074 X=4008 Y=0006 S=0000 U=CC33 8DF3: ADCA  #$00
CC=50 A=004F B=0074 X=4008 Y=0006 S=0000 U=CC33 8DF5: ADDB  $5,X
CC=50 A=004F B=0074 X=4008 Y=0006 S=0000 U=CC33 8DF7: ADCA  #$00
CC=50 A=004F B=0074 X=4008 Y=0006 S=0000 U=CC33 8DF9: ADDB  $6,X
CC=50 A=004F B=0074 X=4008 Y=0006 S=0000 U=CC33 8DFB: ADCA  #$00
CC=50 A=004F B=0074 X=4008 Y=0006 S=0000 U=CC33 8DFD: ADDB  $7,X
CC=50 A=004F B=0074 X=4008 Y=0006 S=0000 U=CC33 8DFF: ADCA  #$00
CC=50 A=004F B=0074 X=4008 Y=0006 S=0000 U=CC33 8E01: EXG   Y,D
CC=50 A=0000 B=0006 X=4008 Y=4F74 S=0000 U=CC33 8E03: STB   $3FFF
CC=50 A=0000 B=0006 X=4008 Y=4F74 S=0000 U=CC33 8E06: EXG   Y,D
CC=50 A=004F B=0074 X=4008 Y=0006 S=0000 U=CC33 8E08: LEAX  $8,X
CC=50 A=004F B=0074 X=4010 Y=0006 S=0000 U=CC33 8E0A: CMPX  #$8000
CC=5B A=004F B=0074 X=4010 Y=0006 S=0000 U=CC33 8E0D: BCS   $8DE1
